<?xml version="1.0" encoding="UTF-8"?>
<!-- Generated by org.testng.reporters.JUnitReportReporter -->
<testsuite hostname="usnycpww9456.global.publicisgroupe.net" name="load.dare.Load" tests="3" failures="0" timestamp="26 Feb 2016 23:00:27 GMT" time="26.960" errors="1">
  <testcase name="testSimple" time="0.000" classname="load.dare.Load">
    <error type="org.openqa.selenium.WebDriverException" message="OS/Browser combination invalid: {&quot;browserstack.debug&quot;=&gt;true, &quot;language&quot;=&gt;&quot;Apache-HttpClient/4.3.3 (java 1.5)&quot;, &quot;acceptSslCert&quot;=&gt;false, &quot;browser&quot;=&gt;&quot;explorer&quot;, &quot;project&quot;=&gt;&quot;P1&quot;, &quot;platform&quot;=&gt;&quot;XP&quot;, &quot;browserName&quot;=&gt;&quot;explorer&quot;, &quot;browser_version&quot;=&gt;&quot;10&quot;, &quot;browserVersion&quot;=&gt;&quot;10&quot;, &quot;build&quot;=&gt;&quot;1.0&quot;} (WARNING: The server did not provide any stacktrace information)
Command duration or timeout: 829 milliseconds
Build info: version: &#039;2.48.2&#039;, revision: &#039;41bccdd10cf2c0560f637404c2d96164b67d9d67&#039;, time: &#039;2015-10-09 13:08:06&#039;
System info: host: &#039;usnycpww9456.global.publicisgroupe.net&#039;, ip: &#039;10.6.6.94&#039;, os.name: &#039;Mac OS X&#039;, os.arch: &#039;x86_64&#039;, os.version: &#039;10.10.5&#039;, java.version: &#039;1.7.0_79&#039;
Driver info: org.openqa.selenium.remote.RemoteWebDriver">
      <![CDATA[org.openqa.selenium.WebDriverException: OS/Browser combination invalid: {"browserstack.debug"=>true, "language"=>"Apache-HttpClient/4.3.3 (java 1.5)", "acceptSslCert"=>false, "browser"=>"explorer", "project"=>"P1", "platform"=>"XP", "browserName"=>"explorer", "browser_version"=>"10", "browserVersion"=>"10", "build"=>"1.0"} (WARNING: The server did not provide any stacktrace information)
Command duration or timeout: 829 milliseconds
Build info: version: '2.48.2', revision: '41bccdd10cf2c0560f637404c2d96164b67d9d67', time: '2015-10-09 13:08:06'
System info: host: 'usnycpww9456.global.publicisgroupe.net', ip: '10.6.6.94', os.name: 'Mac OS X', os.arch: 'x86_64', os.version: '10.10.5', java.version: '1.7.0_79'
Driver info: org.openqa.selenium.remote.RemoteWebDriver
	at sun.reflect.NativeConstructorAccessorImpl.newInstance0(Native Method)
	at sun.reflect.NativeConstructorAccessorImpl.newInstance(NativeConstructorAccessorImpl.java:57)
	at sun.reflect.DelegatingConstructorAccessorImpl.newInstance(DelegatingConstructorAccessorImpl.java:45)
	at java.lang.reflect.Constructor.newInstance(Constructor.java:526)
	at org.openqa.selenium.remote.ErrorHandler.createThrowable(ErrorHandler.java:206)
	at org.openqa.selenium.remote.ErrorHandler.throwIfResponseFailed(ErrorHandler.java:158)
	at org.openqa.selenium.remote.RemoteWebDriver.execute(RemoteWebDriver.java:647)
	at org.openqa.selenium.remote.RemoteWebDriver.startSession(RemoteWebDriver.java:247)
	at org.openqa.selenium.remote.RemoteWebDriver.<init>(RemoteWebDriver.java:129)
	at org.openqa.selenium.remote.RemoteWebDriver.<init>(RemoteWebDriver.java:156)
	at load.dare.Load.setUp(Load.java:41)
	at sun.reflect.NativeMethodAccessorImpl.invoke0(Native Method)
	at sun.reflect.NativeMethodAccessorImpl.invoke(NativeMethodAccessorImpl.java:57)
	at sun.reflect.DelegatingMethodAccessorImpl.invoke(DelegatingMethodAccessorImpl.java:43)
	at java.lang.reflect.Method.invoke(Method.java:606)
	at org.testng.internal.MethodInvocationHelper.invokeMethod(MethodInvocationHelper.java:85)
	at org.testng.internal.Invoker.invokeConfigurationMethod(Invoker.java:510)
	at org.testng.internal.Invoker.invokeConfigurations(Invoker.java:211)
	at org.testng.internal.Invoker.invokeConfigurations(Invoker.java:138)
	at org.testng.internal.TestMethodWorker.invokeBeforeClassMethods(TestMethodWorker.java:170)
	at org.testng.internal.TestMethodWorker.run(TestMethodWorker.java:104)
	at org.testng.TestRunner.privateRun(TestRunner.java:774)
	at org.testng.TestRunner.run(TestRunner.java:624)
	at org.testng.SuiteRunner.runTest(SuiteRunner.java:359)
	at org.testng.SuiteRunner.access$000(SuiteRunner.java:39)
	at org.testng.SuiteRunner$SuiteWorker.run(SuiteRunner.java:393)
	at org.testng.internal.thread.ThreadUtil$2.call(ThreadUtil.java:64)
	at java.util.concurrent.FutureTask.run(FutureTask.java:262)
	at java.util.concurrent.ThreadPoolExecutor.runWorker(ThreadPoolExecutor.java:1145)
	at java.util.concurrent.ThreadPoolExecutor$Worker.run(ThreadPoolExecutor.java:615)
	at java.lang.Thread.run(Thread.java:745)
]]>
    </error>
  </testcase> <!-- testSimple -->
  <testcase name="testSimple" time="12.992" classname="load.dare.Load"/>
  <testcase name="testSimple" time="13.968" classname="load.dare.Load"/>
</testsuite> <!-- load.dare.Load -->
