<?xml version="1.0" encoding="UTF-8"?>
<!-- Generated by org.testng.reporters.JUnitXMLReporter -->
<testsuite hostname="usnycpww9456.global.publicisgroupe.net" name="Facebook Twitter Google plus" tests="1" failures="1" timestamp="14 Jan 2016 17:48:43 GMT" time="135.595" errors="0">
  <testcase name="testSocial" time="105.546" classname="project.facebook.CadilacDareGreatly">
    <failure type="org.openqa.selenium.NoSuchWindowException" message="Unable to locate window &amp;quot;Share a link on Twitter&amp;quot;
Build info: version: &amp;apos;2.48.2&amp;apos;, revision: &amp;apos;41bccdd&amp;apos;, time: &amp;apos;2015-10-09 19:59:12&amp;apos;
System info: host: &amp;apos;208-52-180-73&amp;apos;, ip: &amp;apos;208.52.180.73&amp;apos;, os.name: &amp;apos;windows&amp;apos;, os.arch: &amp;apos;x86&amp;apos;, os.version: &amp;apos;6.0&amp;apos;, java.version: &amp;apos;1.8.0_65&amp;apos;
Driver info: driver.version: unknown
Command duration or timeout: 2.12 seconds
Build info: version: &amp;apos;2.48.2&amp;apos;, revision: &amp;apos;41bccdd10cf2c0560f637404c2d96164b67d9d67&amp;apos;, time: &amp;apos;2015-10-09 13:08:06&amp;apos;
System info: host: &amp;apos;usnycpww9456.global.publicisgroupe.net&amp;apos;, ip: &amp;apos;10.6.6.94&amp;apos;, os.name: &amp;apos;Mac OS X&amp;apos;, os.arch: &amp;apos;x86_64&amp;apos;, os.version: &amp;apos;10.10.5&amp;apos;, java.version: &amp;apos;1.7.0_79&amp;apos;
Session ID: cc51f3e3bf4680d7171be50aa41263b5a397e009
Driver info: org.openqa.selenium.remote.RemoteWebDriver
Capabilities [{platform=WINDOWS, javascriptEnabled=true, acceptSslCerts=true, browserName=firefox, rotatable=false, locationContextEnabled=true, webdriver.remote.sessionid=cc51f3e3bf4680d7171be50aa41263b5a397e009, version=43.0, cssSelectorsEnabled=true, databaseEnabled=true, handlesAlerts=true, webStorageEnabled=true, nativeEvents=false, applicationCacheEnabled=true, takesScreenshot=true}]">
      <![CDATA[org.openqa.selenium.NoSuchWindowException: Unable to locate window "Share a link on Twitter"
Build info: version: '2.48.2', revision: '41bccdd', time: '2015-10-09 19:59:12'
System info: host: '208-52-180-73', ip: '208.52.180.73', os.name: 'windows', os.arch: 'x86', os.version: '6.0', java.version: '1.8.0_65'
Driver info: driver.version: unknown
Command duration or timeout: 2.12 seconds
Build info: version: '2.48.2', revision: '41bccdd10cf2c0560f637404c2d96164b67d9d67', time: '2015-10-09 13:08:06'
System info: host: 'usnycpww9456.global.publicisgroupe.net', ip: '10.6.6.94', os.name: 'Mac OS X', os.arch: 'x86_64', os.version: '10.10.5', java.version: '1.7.0_79'
Session ID: cc51f3e3bf4680d7171be50aa41263b5a397e009
Driver info: org.openqa.selenium.remote.RemoteWebDriver
Capabilities [{platform=WINDOWS, javascriptEnabled=true, acceptSslCerts=true, browserName=firefox, rotatable=false, locationContextEnabled=true, webdriver.remote.sessionid=cc51f3e3bf4680d7171be50aa41263b5a397e009, version=43.0, cssSelectorsEnabled=true, databaseEnabled=true, handlesAlerts=true, webStorageEnabled=true, nativeEvents=false, applicationCacheEnabled=true, takesScreenshot=true}]
	at org.openqa.selenium.remote.ErrorHandler.createThrowable(ErrorHandler.java:206)
	at org.openqa.selenium.remote.ErrorHandler.throwIfResponseFailed(ErrorHandler.java:158)
	at org.openqa.selenium.remote.RemoteWebDriver.execute(RemoteWebDriver.java:647)
	at org.openqa.selenium.remote.RemoteWebDriver$RemoteTargetLocator.window(RemoteWebDriver.java:973)
	at project.facebook.startBrowser.getPageSocialTest(startBrowser.java:258)
	at project.facebook.CadilacDareGreatly.testSocial(CadilacDareGreatly.java:11)
Caused by: org.openqa.selenium.NoSuchWindowException: Unable to locate window "Share a link on Twitter"
Build info: version: '2.48.2', revision: '41bccdd', time: '2015-10-09 19:59:12'
System info: host: '208-52-180-73', ip: '208.52.180.73', os.name: 'windows', os.arch: 'x86', os.version: '6.0', java.version: '1.8.0_65'
Driver info: driver.version: unknown
Build info: version: '2.48.2', revision: '41bccdd10cf2c0560f637404c2d96164b67d9d67', time: '2015-10-09 13:08:06'
System info: host: 'usnycpww9456.global.publicisgroupe.net', ip: '10.6.6.94', os.name: 'Mac OS X', os.arch: 'x86_64', os.version: '10.10.5', java.version: '1.7.0_79'
Driver info: driver.version: unknown
	at <anonymous class>.nsCommandProcessor.prototype.switchToWindow(file:///C:/Windows/proxy/anonymous5741881679519198575webdriver-profile/extensions/fxdriver@googlecode.com/components/command-processor.js:12621)
	at <anonymous class>.nsCommandProcessor.prototype.switchToWindow/<(file:///C:/Windows/proxy/anonymous5741881679519198575webdriver-profile/extensions/fxdriver@googlecode.com/components/command-processor.js:12625)
... Removed 31 stack frames]]>
    </failure>
  </testcase> <!-- testSocial -->
</testsuite> <!-- Facebook Twitter Google plus -->
