<?xml version="1.0" encoding="UTF-8"?>
<!-- Generated by org.testng.reporters.JUnitXMLReporter -->
<testsuite hostname="usnycpww9456.global.publicisgroupe.net" name="ThirdTest" tests="1" failures="0" timestamp="26 Feb 2016 22:59:46 GMT" time="1.153" errors="0">
  <testcase name="@BeforeClass setUp" time="0.0" classname="load.dare.Load">
    <failure type="org.openqa.selenium.WebDriverException" message="OS/Browser combination invalid: {&amp;quot;browserstack.debug&amp;quot;=&amp;gt;true, &amp;quot;language&amp;quot;=&amp;gt;&amp;quot;Apache-HttpClient/4.3.3 (java 1.5)&amp;quot;, &amp;quot;acceptSslCert&amp;quot;=&amp;gt;false, &amp;quot;browser&amp;quot;=&amp;gt;&amp;quot;explorer&amp;quot;, &amp;quot;project&amp;quot;=&amp;gt;&amp;quot;P1&amp;quot;, &amp;quot;platform&amp;quot;=&amp;gt;&amp;quot;XP&amp;quot;, &amp;quot;browserName&amp;quot;=&amp;gt;&amp;quot;explorer&amp;quot;, &amp;quot;browser_version&amp;quot;=&amp;gt;&amp;quot;10&amp;quot;, &amp;quot;browserVersion&amp;quot;=&amp;gt;&amp;quot;10&amp;quot;, &amp;quot;build&amp;quot;=&amp;gt;&amp;quot;1.0&amp;quot;} (WARNING: The server did not provide any stacktrace information)
Command duration or timeout: 829 milliseconds
Build info: version: &amp;apos;2.48.2&amp;apos;, revision: &amp;apos;41bccdd10cf2c0560f637404c2d96164b67d9d67&amp;apos;, time: &amp;apos;2015-10-09 13:08:06&amp;apos;
System info: host: &amp;apos;usnycpww9456.global.publicisgroupe.net&amp;apos;, ip: &amp;apos;10.6.6.94&amp;apos;, os.name: &amp;apos;Mac OS X&amp;apos;, os.arch: &amp;apos;x86_64&amp;apos;, os.version: &amp;apos;10.10.5&amp;apos;, java.version: &amp;apos;1.7.0_79&amp;apos;
Driver info: org.openqa.selenium.remote.RemoteWebDriver">
      <![CDATA[org.openqa.selenium.WebDriverException: OS/Browser combination invalid: {"browserstack.debug"=>true, "language"=>"Apache-HttpClient/4.3.3 (java 1.5)", "acceptSslCert"=>false, "browser"=>"explorer", "project"=>"P1", "platform"=>"XP", "browserName"=>"explorer", "browser_version"=>"10", "browserVersion"=>"10", "build"=>"1.0"} (WARNING: The server did not provide any stacktrace information)
Command duration or timeout: 829 milliseconds
Build info: version: '2.48.2', revision: '41bccdd10cf2c0560f637404c2d96164b67d9d67', time: '2015-10-09 13:08:06'
System info: host: 'usnycpww9456.global.publicisgroupe.net', ip: '10.6.6.94', os.name: 'Mac OS X', os.arch: 'x86_64', os.version: '10.10.5', java.version: '1.7.0_79'
Driver info: org.openqa.selenium.remote.RemoteWebDriver
	at org.openqa.selenium.remote.ErrorHandler.createThrowable(ErrorHandler.java:206)
	at org.openqa.selenium.remote.ErrorHandler.throwIfResponseFailed(ErrorHandler.java:158)
	at org.openqa.selenium.remote.RemoteWebDriver.execute(RemoteWebDriver.java:647)
	at org.openqa.selenium.remote.RemoteWebDriver.startSession(RemoteWebDriver.java:247)
	at org.openqa.selenium.remote.RemoteWebDriver.<init>(RemoteWebDriver.java:129)
	at org.openqa.selenium.remote.RemoteWebDriver.<init>(RemoteWebDriver.java:156)
	at load.dare.Load.setUp(Load.java:41)
	at java.util.concurrent.FutureTask.run(FutureTask.java:262)
	at java.util.concurrent.ThreadPoolExecutor.runWorker(ThreadPoolExecutor.java:1145)
	at java.util.concurrent.ThreadPoolExecutor$Worker.run(ThreadPoolExecutor.java:615)
	at java.lang.Thread.run(Thread.java:745)
... Removed 20 stack frames]]>
    </failure>
  </testcase> <!-- @BeforeClass setUp -->
  <testcase name="@AfterClass tearDown" time="0.0" classname="load.dare.Load">
    <skipped/>
  </testcase> <!-- @AfterClass tearDown -->
  <testcase name="testSimple" time="0.0" classname="load.dare.Load">
    <skipped/>
  </testcase> <!-- testSimple -->
</testsuite> <!-- ThirdTest -->
